2025-06-02 13:40:30,304 - chat_7f18150e-8c2e-40f7-8abe-7ed80c385fd1 - INFO - Tool Call: find_attributes
2025-06-02 13:40:30,304 - chat_7f18150e-8c2e-40f7-8abe-7ed80c385fd1 - INFO - Arguments: {
  "kw1": "sprinting",
  "kw2": "speed",
  "kw3": "cooldown",
  "search_abilities": true
}
2025-06-02 13:40:30,729 - chat_7f18150e-8c2e-40f7-8abe-7ed80c385fd1 - INFO - Result: [
  {
    "BID": "BA108",
    "Name": "Super Jump",
    "Description": "Temporarily boosts jump height.",
    "Variables": {
      "jumpBoost": 2.5,
      "duration": 2
    },
    "endpoint_type": "abilities",
    "source": "/search/abilities"
  },
  {
    "BID": "BA101",
    "Name": "Wall Climb",
    "Description": "Enables the player to climb walls.",
    "Variables": {
      "climbSpeed": 5.0,
      "duration": 4.0
    },
    "endpoint_type": "abilities",
    "source": "/search/abilities"
  },
  {
    "BID": "BA100",
    "Name": "Double Jump",
    "Description": "Allows the player to jump a second time in mid-air.",
    "Variables": {
      "maxJumps": 2,
      "cooldown": 1.5
    },
    "endpoint_type": "abilities",
    "source": "/search/abilities"
  },
  {
    "BID": "BA107",
    "Name": "Time Slow",
    "Description": "Slows time for everything but the player.",
    "Variables": {
      "duration": 3.0
    },
    "endpoint_type": "abilities",
    "source": "/search/abilities"
  },
  {
    "BID": "BA102",
    "Name": "Dash",
    "Description": "Quickly moves the player in a chosen direction.",
    "Variables": {
      "dashDistance": 7.0,
      "cooldown": 2.0
    },
    "endpoint_type": "abilities",
    "source": "/search/abilities"
  },
  {
    "BID": "BA106",
    "Name": "Teleport",
    "Description": "Instantly teleports the player forward.",
    "Variables": {
      "range": 8.0,
      "cooldown": 4.0
    },
    "endpoint_type": "abilities",
    "source": "/search/abilities"
  },
  {
    "BID": "BA109",
    "Name": "Heal",
    "Description": "Restores a portion of player health over time.",
    "Variables": {
      "healRate": 5,
      "duration": 10
    },
    "endpoint_type": "abilities",
    "source": "/search/abilities"
  }
]
2025-06-02 13:40:30,730 - chat_7f18150e-8c2e-40f7-8abe-7ed80c385fd1 - INFO - Tool Call: find_attributes
2025-06-02 13:40:30,730 - chat_7f18150e-8c2e-40f7-8abe-7ed80c385fd1 - INFO - Arguments: {
  "kw1": "dashing",
  "kw2": "speed",
  "kw3": "cooldown",
  "search_abilities": true
}
2025-06-02 13:40:31,179 - chat_7f18150e-8c2e-40f7-8abe-7ed80c385fd1 - INFO - Result: [
  {
    "BID": "BA100",
    "Name": "Double Jump",
    "Description": "Allows the player to jump a second time in mid-air.",
    "Variables": {
      "maxJumps": 2,
      "cooldown": 1.5
    },
    "endpoint_type": "abilities",
    "source": "/search/abilities"
  },
  {
    "BID": "BA106",
    "Name": "Teleport",
    "Description": "Instantly teleports the player forward.",
    "Variables": {
      "range": 8.0,
      "cooldown": 4.0
    },
    "endpoint_type": "abilities",
    "source": "/search/abilities"
  },
  {
    "BID": "BA102",
    "Name": "Dash",
    "Description": "Quickly moves the player in a chosen direction.",
    "Variables": {
      "dashDistance": 7.0,
      "cooldown": 2.0
    },
    "endpoint_type": "abilities",
    "source": "/search/abilities"
  },
  {
    "BID": "BA107",
    "Name": "Time Slow",
    "Description": "Slows time for everything but the player.",
    "Variables": {
      "duration": 3.0
    },
    "endpoint_type": "abilities",
    "source": "/search/abilities"
  },
  {
    "BID": "BA108",
    "Name": "Super Jump",
    "Description": "Temporarily boosts jump height.",
    "Variables": {
      "jumpBoost": 2.5,
      "duration": 2
    },
    "endpoint_type": "abilities",
    "source": "/search/abilities"
  },
  {
    "BID": "BA109",
    "Name": "Heal",
    "Description": "Restores a portion of player health over time.",
    "Variables": {
      "healRate": 5,
      "duration": 10
    },
    "endpoint_type": "abilities",
    "source": "/search/abilities"
  }
]
2025-06-02 13:40:31,179 - chat_7f18150e-8c2e-40f7-8abe-7ed80c385fd1 - INFO - Tool Call: find_attributes
2025-06-02 13:40:31,180 - chat_7f18150e-8c2e-40f7-8abe-7ed80c385fd1 - INFO - Arguments: {
  "kw1": "teleportation",
  "kw2": "speed",
  "kw3": "cooldown",
  "search_abilities": true
}
2025-06-02 13:40:31,584 - chat_7f18150e-8c2e-40f7-8abe-7ed80c385fd1 - INFO - Result: [
  {
    "BID": "BA106",
    "Name": "Teleport",
    "Description": "Instantly teleports the player forward.",
    "Variables": {
      "range": 8.0,
      "cooldown": 4.0
    },
    "endpoint_type": "abilities",
    "source": "/search/abilities"
  },
  {
    "BID": "BA102",
    "Name": "Dash",
    "Description": "Quickly moves the player in a chosen direction.",
    "Variables": {
      "dashDistance": 7.0,
      "cooldown": 2.0
    },
    "endpoint_type": "abilities",
    "source": "/search/abilities"
  },
  {
    "BID": "BA100",
    "Name": "Double Jump",
    "Description": "Allows the player to jump a second time in mid-air.",
    "Variables": {
      "maxJumps": 2,
      "cooldown": 1.5
    },
    "endpoint_type": "abilities",
    "source": "/search/abilities"
  },
  {
    "BID": "BA107",
    "Name": "Time Slow",
    "Description": "Slows time for everything but the player.",
    "Variables": {
      "duration": 3.0
    },
    "endpoint_type": "abilities",
    "source": "/search/abilities"
  },
  {
    "BID": "BA108",
    "Name": "Super Jump",
    "Description": "Temporarily boosts jump height.",
    "Variables": {
      "jumpBoost": 2.5,
      "duration": 2
    },
    "endpoint_type": "abilities",
    "source": "/search/abilities"
  },
  {
    "BID": "BA109",
    "Name": "Heal",
    "Description": "Restores a portion of player health over time.",
    "Variables": {
      "healRate": 5,
      "duration": 10
    },
    "endpoint_type": "abilities",
    "source": "/search/abilities"
  }
]
