2025-06-02 12:59:40,503 - chat_5844c617-fa5d-4032-bef1-7434cc39210c - INFO - Tool Call: find_attributes
2025-06-02 12:59:40,503 - chat_5844c617-fa5d-4032-bef1-7434cc39210c - INFO - Arguments: {
  "kw1": "player",
  "kw2": "speed",
  "kw3": "increase",
  "search_abilities": true,
  "search_shaders": false,
  "search_behaviors": false,
  "search_objectives": false
}
2025-06-02 12:59:40,697 - chat_5844c617-fa5d-4032-bef1-7434cc39210c - INFO - Result: [
  {
    "BID": "BA107",
    "Name": "Time Slow",
    "Description": "Slows time for everything but the player.",
    "Variables": {
      "duration": 3.0
    },
    "endpoint_type": "abilities",
    "source": "/search/abilities"
  },
  {
    "BID": "BA102",
    "Name": "Dash",
    "Description": "Quickly moves the player in a chosen direction.",
    "Variables": {
      "dashDistance": 7.0,
      "cooldown": 2.0
    },
    "endpoint_type": "abilities",
    "source": "/search/abilities"
  },
  {
    "BID": "BA101",
    "Name": "Wall Climb",
    "Description": "Enables the player to climb walls.",
    "Variables": {
      "climbSpeed": 5.0,
      "duration": 4.0
    },
    "endpoint_type": "abilities",
    "source": "/search/abilities"
  }
]
