2025-06-02 13:44:23,346 - chat_931b0000-e27a-4042-b2c8-da99cebb0b3f - INFO - Tool Call: find_attributes
2025-06-02 13:44:23,346 - chat_931b0000-e27a-4042-b2c8-da99cebb0b3f - INFO - Arguments: {
  "kw1": "sprint",
  "kw2": "dash",
  "kw3": "teleportation",
  "search_abilities": true
}
2025-06-02 13:44:23,749 - chat_931b0000-e27a-4042-b2c8-da99cebb0b3f - INFO - Result: [
  {
    "BID": "BA101",
    "Name": "Wall Climb",
    "Description": "Enables the player to climb walls.",
    "Variables": {
      "climbSpeed": 5.0,
      "duration": 4.0
    },
    "endpoint_type": "abilities",
    "source": "/search/abilities"
  },
  {
    "BID": "BA108",
    "Name": "Super Jump",
    "Description": "Temporarily boosts jump height.",
    "Variables": {
      "jumpBoost": 2.5,
      "duration": 2
    },
    "endpoint_type": "abilities",
    "source": "/search/abilities"
  },
  {
    "BID": "BA109",
    "Name": "Heal",
    "Description": "Restores a portion of player health over time.",
    "Variables": {
      "healRate": 5,
      "duration": 10
    },
    "endpoint_type": "abilities",
    "source": "/search/abilities"
  },
  {
    "BID": "BA100",
    "Name": "Double Jump",
    "Description": "Allows the player to jump a second time in mid-air.",
    "Variables": {
      "maxJumps": 2,
      "cooldown": 1.5
    },
    "endpoint_type": "abilities",
    "source": "/search/abilities"
  },
  {
    "BID": "BA103",
    "Name": "Grapple Hook",
    "Description": "Lets the player grapple to surfaces.",
    "Variables": {
      "range": 12.0,
      "cooldown": 3.5
    },
    "endpoint_type": "abilities",
    "source": "/search/abilities"
  },
  {
    "BID": "BA106",
    "Name": "Teleport",
    "Description": "Instantly teleports the player forward.",
    "Variables": {
      "range": 8.0,
      "cooldown": 4.0
    },
    "endpoint_type": "abilities",
    "source": "/search/abilities"
  },
  {
    "BID": "BA102",
    "Name": "Dash",
    "Description": "Quickly moves the player in a chosen direction.",
    "Variables": {
      "dashDistance": 7.0,
      "cooldown": 2.0
    },
    "endpoint_type": "abilities",
    "source": "/search/abilities"
  }
]
2025-06-02 13:44:23,750 - chat_931b0000-e27a-4042-b2c8-da99cebb0b3f - INFO - Tool Call: find_attributes
2025-06-02 13:44:23,750 - chat_931b0000-e27a-4042-b2c8-da99cebb0b3f - INFO - Arguments: {
  "kw1": "sprint",
  "kw2": "dash",
  "kw3": "teleportation",
  "search_behaviors": true
}
2025-06-02 13:44:24,151 - chat_931b0000-e27a-4042-b2c8-da99cebb0b3f - INFO - Result: [
  {
    "BID": "AB2",
    "Name": "Chase",
    "Description": "Chases the player if detected.",
    "Variables": {
      "detectionRange": 10.0,
      "chaseSpeed": 3.5
    },
    "endpoint_type": "behaviors",
    "source": "/search/behaviors"
  },
  {
    "BID": "AB6",
    "Name": "Flee",
    "Description": "Runs away from the player.",
    "Variables": {
      "fleeSpeed": 4.0,
      "fearThreshold": 0.3
    },
    "endpoint_type": "behaviors",
    "source": "/search/behaviors"
  },
  {
    "BID": "AB3",
    "Name": "Attack",
    "Description": "Attacks when in range.",
    "Variables": {
      "attackRange": 1.5,
      "damage": 10
    },
    "endpoint_type": "behaviors",
    "source": "/search/behaviors"
  },
  {
    "BID": "AB9",
    "Name": "Call Backup",
    "Description": "Summons reinforcements.",
    "Variables": {
      "cooldown": 20,
      "unitsCalled": 2
    },
    "endpoint_type": "behaviors",
    "source": "/search/behaviors"
  },
  {
    "BID": "AB5",
    "Name": "Shoot",
    "Description": "Fires projectiles.",
    "Variables": {
      "projectileSpeed": 8,
      "fireRate": 1
    },
    "endpoint_type": "behaviors",
    "source": "/search/behaviors"
  },
  {
    "BID": "AB10",
    "Name": "Explode",
    "Description": "Self-detonates near player.",
    "Variables": {
      "blastRadius": 4.0,
      "damage": 50
    },
    "endpoint_type": "behaviors",
    "source": "/search/behaviors"
  },
  {
    "BID": "AB1",
    "Name": "Patrol",
    "Description": "Moves between waypoints.",
    "Variables": {
      "speed": 2.0,
      "pauseTime": 1.0
    },
    "endpoint_type": "behaviors",
    "source": "/search/behaviors"
  }
]
2025-06-02 13:44:47,613 - chat_931b0000-e27a-4042-b2c8-da99cebb0b3f - INFO - Tool Call: edit_attribute
2025-06-02 13:44:47,613 - chat_931b0000-e27a-4042-b2c8-da99cebb0b3f - INFO - Arguments: {
  "attribute_name": "Sprint",
  "category": "abilities",
  "variable_name": "cooldown",
  "new_value": 7,
  "operation": "increase"
}
2025-06-02 13:44:48,013 - chat_931b0000-e27a-4042-b2c8-da99cebb0b3f - INFO - Result: {
  "error": "Attribute 'Sprint' not found in category 'abilities'"
}
