2025-06-02 16:40:21,038 - chat_b9ab106e-7511-462a-97d5-90ce0ed1a732 - INFO - Tool Call: find_attributes
2025-06-02 16:40:21,039 - chat_b9ab106e-7511-462a-97d5-90ce0ed1a732 - INFO - Arguments: {
  "kw1": "dash",
  "kw2": "ability",
  "kw3": "time",
  "search_abilities": true,
  "search_shaders": false,
  "search_behaviors": false,
  "search_objectives": false,
  "user_query": "modify the dash ability by 2 sec"
}
2025-06-02 16:40:21,437 - chat_b9ab106e-7511-462a-97d5-90ce0ed1a732 - INFO - Result: [
  {
    "BID": "BA100",
    "Name": "Double Jump",
    "Description": "Allows the player to jump a second time in mid-air.",
    "Variables": {
      "maxJumps": 2,
      "cooldown": 1.5
    },
    "endpoint_type": "abilities",
    "source": "/search/abilities"
  },
  {
    "BID": "BA108",
    "Name": "Super Jump",
    "Description": "Temporarily boosts jump height.",
    "Variables": {
      "jumpBoost": 2.5,
      "duration": 2
    },
    "endpoint_type": "abilities",
    "source": "/search/abilities"
  },
  {
    "BID": "BA103",
    "Name": "Grapple Hook",
    "Description": "Lets the player grapple to surfaces.",
    "Variables": {
      "range": 12.0,
      "cooldown": 3.5
    },
    "endpoint_type": "abilities",
    "source": "/search/abilities"
  },
  {
    "BID": "BA102",
    "Name": "Dash",
    "Description": "Quickly moves the player in a chosen direction.",
    "Variables": {
      "dashDistance": 7.0,
      "cooldown": 2.0
    },
    "endpoint_type": "abilities",
    "source": "/search/abilities"
  },
  {
    "BID": "BA101",
    "Name": "Wall Climb",
    "Description": "Enables the player to climb walls.",
    "Variables": {
      "climbSpeed": 5.0,
      "duration": 4.0
    },
    "endpoint_type": "abilities",
    "source": "/search/abilities"
  },
  {
    "BID": "BA107",
    "Name": "Time Slow",
    "Description": "Slows time for everything but the player.",
    "Variables": {
      "duration": 3.0
    },
    "endpoint_type": "abilities",
    "source": "/search/abilities"
  },
  {
    "BID": "BA109",
    "Name": "Heal",
    "Description": "Restores a portion of player health over time.",
    "Variables": {
      "healRate": 5,
      "duration": 10
    },
    "endpoint_type": "abilities",
    "source": "/search/abilities"
  }
]
2025-06-02 16:40:30,445 - chat_b9ab106e-7511-462a-97d5-90ce0ed1a732 - INFO - Tool Call: edit_attribute
2025-06-02 16:40:30,446 - chat_b9ab106e-7511-462a-97d5-90ce0ed1a732 - INFO - Arguments: {
  "attribute_name": "Dash",
  "category": "abilities",
  "variable_name": "cooldown",
  "new_value": 4,
  "operation": "increase"
}
2025-06-02 16:40:30,446 - chat_b9ab106e-7511-462a-97d5-90ce0ed1a732 - INFO - Result: {
  "action_type": "modify",
  "category": "gameplay",
  "parameters": {
    "abilities.Dash.cooldown": 6.0
  },
  "confidence": 0.9
}
2025-06-02 16:40:48,166 - chat_b9ab106e-7511-462a-97d5-90ce0ed1a732 - INFO - Tool Call: edit_attribute
2025-06-02 16:40:48,166 - chat_b9ab106e-7511-462a-97d5-90ce0ed1a732 - INFO - Arguments: {
  "attribute_name": "Dash",
  "category": "abilities",
  "variable_name": "cooldown",
  "new_value": 4,
  "operation": "set"
}
2025-06-02 16:40:48,166 - chat_b9ab106e-7511-462a-97d5-90ce0ed1a732 - INFO - Result: {
  "action_type": "modify",
  "category": "gameplay",
  "parameters": {
    "abilities.Dash.cooldown": 4
  },
  "confidence": 0.95
}
2025-06-02 16:41:02,076 - chat_b9ab106e-7511-462a-97d5-90ce0ed1a732 - INFO - Tool Call: create_ui
2025-06-02 16:41:02,076 - chat_b9ab106e-7511-462a-97d5-90ce0ed1a732 - INFO - Arguments: {
  "attribute_names": [
    "Dash"
  ],
  "categories": [
    "abilities"
  ],
  "layout": "vertical"
}
2025-06-02 16:41:02,570 - chat_b9ab106e-7511-462a-97d5-90ce0ed1a732 - INFO - Result: {
  "ui_type": "slider",
  "parameter": "maxJumps",
  "label": "Double Jump - maxJumps",
  "min": 0,
  "max": 100,
  "current": 2
}
