2025-06-02 14:35:50,905 - chat_21e89874-38f9-4684-a37e-dcb1f252b303 - INFO - Tool Call: find_attributes
2025-06-02 14:35:50,905 - chat_21e89874-38f9-4684-a37e-dcb1f252b303 - INFO - Arguments: {
  "kw1": "sprint",
  "kw2": "speed",
  "kw3": "cooldown",
  "search_abilities": true,
  "search_shaders": false,
  "search_behaviors": false,
  "search_objectives": false,
  "user_query": "change sprinting, dashing, and teleportation to increase cooldown or speed"
}
2025-06-02 14:35:51,310 - chat_21e89874-38f9-4684-a37e-dcb1f252b303 - INFO - Result: [
  {
    "BID": "BA101",
    "Name": "Wall Climb",
    "Description": "Enables the player to climb walls.",
    "Variables": {
      "climbSpeed": 5.0,
      "duration": 4.0
    },
    "endpoint_type": "abilities",
    "source": "/search/abilities"
  },
  {
    "BID": "BA108",
    "Name": "Super Jump",
    "Description": "Temporarily boosts jump height.",
    "Variables": {
      "jumpBoost": 2.5,
      "duration": 2
    },
    "endpoint_type": "abilities",
    "source": "/search/abilities"
  },
  {
    "BID": "BA109",
    "Name": "Heal",
    "Description": "Restores a portion of player health over time.",
    "Variables": {
      "healRate": 5,
      "duration": 10
    },
    "endpoint_type": "abilities",
    "source": "/search/abilities"
  },
  {
    "BID": "BA107",
    "Name": "Time Slow",
    "Description": "Slows time for everything but the player.",
    "Variables": {
      "duration": 3.0
    },
    "endpoint_type": "abilities",
    "source": "/search/abilities"
  },
  {
    "BID": "BA102",
    "Name": "Dash",
    "Description": "Quickly moves the player in a chosen direction.",
    "Variables": {
      "dashDistance": 7.0,
      "cooldown": 2.0
    },
    "endpoint_type": "abilities",
    "source": "/search/abilities"
  },
  {
    "BID": "BA106",
    "Name": "Teleport",
    "Description": "Instantly teleports the player forward.",
    "Variables": {
      "range": 8.0,
      "cooldown": 4.0
    },
    "endpoint_type": "abilities",
    "source": "/search/abilities"
  }
]
2025-06-02 14:35:51,310 - chat_21e89874-38f9-4684-a37e-dcb1f252b303 - INFO - Tool Call: find_attributes
2025-06-02 14:35:51,310 - chat_21e89874-38f9-4684-a37e-dcb1f252b303 - INFO - Arguments: {
  "kw1": "dash",
  "kw2": "speed",
  "kw3": "cooldown",
  "search_abilities": true,
  "search_shaders": false,
  "search_behaviors": false,
  "search_objectives": false,
  "user_query": "change sprinting, dashing, and teleportation to increase cooldown or speed"
}
2025-06-02 14:35:51,710 - chat_21e89874-38f9-4684-a37e-dcb1f252b303 - INFO - Result: [
  {
    "BID": "BA100",
    "Name": "Double Jump",
    "Description": "Allows the player to jump a second time in mid-air.",
    "Variables": {
      "maxJumps": 2,
      "cooldown": 1.5
    },
    "endpoint_type": "abilities",
    "source": "/search/abilities"
  },
  {
    "BID": "BA108",
    "Name": "Super Jump",
    "Description": "Temporarily boosts jump height.",
    "Variables": {
      "jumpBoost": 2.5,
      "duration": 2
    },
    "endpoint_type": "abilities",
    "source": "/search/abilities"
  },
  {
    "BID": "BA103",
    "Name": "Grapple Hook",
    "Description": "Lets the player grapple to surfaces.",
    "Variables": {
      "range": 12.0,
      "cooldown": 3.5
    },
    "endpoint_type": "abilities",
    "source": "/search/abilities"
  },
  {
    "BID": "BA107",
    "Name": "Time Slow",
    "Description": "Slows time for everything but the player.",
    "Variables": {
      "duration": 3.0
    },
    "endpoint_type": "abilities",
    "source": "/search/abilities"
  },
  {
    "BID": "BA102",
    "Name": "Dash",
    "Description": "Quickly moves the player in a chosen direction.",
    "Variables": {
      "dashDistance": 7.0,
      "cooldown": 2.0
    },
    "endpoint_type": "abilities",
    "source": "/search/abilities"
  },
  {
    "BID": "BA106",
    "Name": "Teleport",
    "Description": "Instantly teleports the player forward.",
    "Variables": {
      "range": 8.0,
      "cooldown": 4.0
    },
    "endpoint_type": "abilities",
    "source": "/search/abilities"
  },
  {
    "BID": "BA109",
    "Name": "Heal",
    "Description": "Restores a portion of player health over time.",
    "Variables": {
      "healRate": 5,
      "duration": 10
    },
    "endpoint_type": "abilities",
    "source": "/search/abilities"
  }
]
2025-06-02 14:35:51,711 - chat_21e89874-38f9-4684-a37e-dcb1f252b303 - INFO - Tool Call: find_attributes
2025-06-02 14:35:51,711 - chat_21e89874-38f9-4684-a37e-dcb1f252b303 - INFO - Arguments: {
  "kw1": "teleport",
  "kw2": "speed",
  "kw3": "cooldown",
  "search_abilities": true,
  "search_shaders": false,
  "search_behaviors": false,
  "search_objectives": false,
  "user_query": "change sprinting, dashing, and teleportation to increase cooldown or speed"
}
2025-06-02 14:35:52,120 - chat_21e89874-38f9-4684-a37e-dcb1f252b303 - INFO - Result: [
  {
    "BID": "BA106",
    "Name": "Teleport",
    "Description": "Instantly teleports the player forward.",
    "Variables": {
      "range": 8.0,
      "cooldown": 4.0
    },
    "endpoint_type": "abilities",
    "source": "/search/abilities"
  },
  {
    "BID": "BA102",
    "Name": "Dash",
    "Description": "Quickly moves the player in a chosen direction.",
    "Variables": {
      "dashDistance": 7.0,
      "cooldown": 2.0
    },
    "endpoint_type": "abilities",
    "source": "/search/abilities"
  },
  {
    "BID": "BA101",
    "Name": "Wall Climb",
    "Description": "Enables the player to climb walls.",
    "Variables": {
      "climbSpeed": 5.0,
      "duration": 4.0
    },
    "endpoint_type": "abilities",
    "source": "/search/abilities"
  },
  {
    "BID": "BA107",
    "Name": "Time Slow",
    "Description": "Slows time for everything but the player.",
    "Variables": {
      "duration": 3.0
    },
    "endpoint_type": "abilities",
    "source": "/search/abilities"
  },
  {
    "BID": "BA108",
    "Name": "Super Jump",
    "Description": "Temporarily boosts jump height.",
    "Variables": {
      "jumpBoost": 2.5,
      "duration": 2
    },
    "endpoint_type": "abilities",
    "source": "/search/abilities"
  },
  {
    "BID": "BA109",
    "Name": "Heal",
    "Description": "Restores a portion of player health over time.",
    "Variables": {
      "healRate": 5,
      "duration": 10
    },
    "endpoint_type": "abilities",
    "source": "/search/abilities"
  }
]
2025-06-02 14:36:03,605 - chat_21e89874-38f9-4684-a37e-dcb1f252b303 - INFO - Tool Call: edit_attribute
2025-06-02 14:36:03,605 - chat_21e89874-38f9-4684-a37e-dcb1f252b303 - INFO - Arguments: {
  "attribute_name": "Teleport",
  "category": "abilities",
  "variable_name": "range",
  "new_value": 6,
  "operation": "set"
}
2025-06-02 14:36:03,605 - chat_21e89874-38f9-4684-a37e-dcb1f252b303 - INFO - Result: {
  "action_type": "modify",
  "category": "gameplay",
  "parameters": {
    "range": 6
  },
  "confidence": 0.95
}
2025-06-02 14:36:51,854 - chat_21e89874-38f9-4684-a37e-dcb1f252b303 - INFO - Tool Call: create_ui
2025-06-02 14:36:51,854 - chat_21e89874-38f9-4684-a37e-dcb1f252b303 - INFO - Arguments: {
  "attribute_names": [
    "Teleport"
  ],
  "categories": [
    "abilities"
  ],
  "layout": "vertical"
}
2025-06-02 14:36:52,248 - chat_21e89874-38f9-4684-a37e-dcb1f252b303 - INFO - Result: {
  "ui_type": "slider",
  "parameter": "range",
  "label": "Teleport - range",
  "min": 0,
  "max": 100,
  "current": 8.0
}
