2025-06-02 13:42:15,392 - chat_b9790c3e-a181-4c1f-b571-f00cbe1126e2 - INFO - Tool Call: find_attributes
2025-06-02 13:42:15,392 - chat_b9790c3e-a181-4c1f-b571-f00cbe1126e2 - INFO - Arguments: {
  "kw1": "sprinting",
  "kw2": "cooldown",
  "kw3": "speed",
  "search_abilities": true
}
2025-06-02 13:42:15,798 - chat_b9790c3e-a181-4c1f-b571-f00cbe1126e2 - INFO - Result: [
  {
    "BID": "BA108",
    "Name": "Super Jump",
    "Description": "Temporarily boosts jump height.",
    "Variables": {
      "jumpBoost": 2.5,
      "duration": 2
    },
    "endpoint_type": "abilities",
    "source": "/search/abilities"
  },
  {
    "BID": "BA101",
    "Name": "Wall Climb",
    "Description": "Enables the player to climb walls.",
    "Variables": {
      "climbSpeed": 5.0,
      "duration": 4.0
    },
    "endpoint_type": "abilities",
    "source": "/search/abilities"
  },
  {
    "BID": "BA100",
    "Name": "Double Jump",
    "Description": "Allows the player to jump a second time in mid-air.",
    "Variables": {
      "maxJumps": 2,
      "cooldown": 1.5
    },
    "endpoint_type": "abilities",
    "source": "/search/abilities"
  },
  {
    "BID": "BA102",
    "Name": "Dash",
    "Description": "Quickly moves the player in a chosen direction.",
    "Variables": {
      "dashDistance": 7.0,
      "cooldown": 2.0
    },
    "endpoint_type": "abilities",
    "source": "/search/abilities"
  },
  {
    "BID": "BA109",
    "Name": "Heal",
    "Description": "Restores a portion of player health over time.",
    "Variables": {
      "healRate": 5,
      "duration": 10
    },
    "endpoint_type": "abilities",
    "source": "/search/abilities"
  },
  {
    "BID": "BA107",
    "Name": "Time Slow",
    "Description": "Slows time for everything but the player.",
    "Variables": {
      "duration": 3.0
    },
    "endpoint_type": "abilities",
    "source": "/search/abilities"
  },
  {
    "BID": "BA106",
    "Name": "Teleport",
    "Description": "Instantly teleports the player forward.",
    "Variables": {
      "range": 8.0,
      "cooldown": 4.0
    },
    "endpoint_type": "abilities",
    "source": "/search/abilities"
  }
]
2025-06-02 13:42:15,798 - chat_b9790c3e-a181-4c1f-b571-f00cbe1126e2 - INFO - Tool Call: find_attributes
2025-06-02 13:42:15,799 - chat_b9790c3e-a181-4c1f-b571-f00cbe1126e2 - INFO - Arguments: {
  "kw1": "dashing",
  "kw2": "cooldown",
  "kw3": "speed",
  "search_abilities": true
}
2025-06-02 13:42:16,206 - chat_b9790c3e-a181-4c1f-b571-f00cbe1126e2 - INFO - Result: [
  {
    "BID": "BA100",
    "Name": "Double Jump",
    "Description": "Allows the player to jump a second time in mid-air.",
    "Variables": {
      "maxJumps": 2,
      "cooldown": 1.5
    },
    "endpoint_type": "abilities",
    "source": "/search/abilities"
  },
  {
    "BID": "BA106",
    "Name": "Teleport",
    "Description": "Instantly teleports the player forward.",
    "Variables": {
      "range": 8.0,
      "cooldown": 4.0
    },
    "endpoint_type": "abilities",
    "source": "/search/abilities"
  },
  {
    "BID": "BA102",
    "Name": "Dash",
    "Description": "Quickly moves the player in a chosen direction.",
    "Variables": {
      "dashDistance": 7.0,
      "cooldown": 2.0
    },
    "endpoint_type": "abilities",
    "source": "/search/abilities"
  },
  {
    "BID": "BA108",
    "Name": "Super Jump",
    "Description": "Temporarily boosts jump height.",
    "Variables": {
      "jumpBoost": 2.5,
      "duration": 2
    },
    "endpoint_type": "abilities",
    "source": "/search/abilities"
  },
  {
    "BID": "BA109",
    "Name": "Heal",
    "Description": "Restores a portion of player health over time.",
    "Variables": {
      "healRate": 5,
      "duration": 10
    },
    "endpoint_type": "abilities",
    "source": "/search/abilities"
  },
  {
    "BID": "BA107",
    "Name": "Time Slow",
    "Description": "Slows time for everything but the player.",
    "Variables": {
      "duration": 3.0
    },
    "endpoint_type": "abilities",
    "source": "/search/abilities"
  }
]
2025-06-02 13:42:16,206 - chat_b9790c3e-a181-4c1f-b571-f00cbe1126e2 - INFO - Tool Call: find_attributes
2025-06-02 13:42:16,206 - chat_b9790c3e-a181-4c1f-b571-f00cbe1126e2 - INFO - Arguments: {
  "kw1": "teleportation",
  "kw2": "cooldown",
  "kw3": "speed",
  "search_abilities": true
}
2025-06-02 13:42:16,611 - chat_b9790c3e-a181-4c1f-b571-f00cbe1126e2 - INFO - Result: [
  {
    "BID": "BA106",
    "Name": "Teleport",
    "Description": "Instantly teleports the player forward.",
    "Variables": {
      "range": 8.0,
      "cooldown": 4.0
    },
    "endpoint_type": "abilities",
    "source": "/search/abilities"
  },
  {
    "BID": "BA102",
    "Name": "Dash",
    "Description": "Quickly moves the player in a chosen direction.",
    "Variables": {
      "dashDistance": 7.0,
      "cooldown": 2.0
    },
    "endpoint_type": "abilities",
    "source": "/search/abilities"
  },
  {
    "BID": "BA100",
    "Name": "Double Jump",
    "Description": "Allows the player to jump a second time in mid-air.",
    "Variables": {
      "maxJumps": 2,
      "cooldown": 1.5
    },
    "endpoint_type": "abilities",
    "source": "/search/abilities"
  },
  {
    "BID": "BA108",
    "Name": "Super Jump",
    "Description": "Temporarily boosts jump height.",
    "Variables": {
      "jumpBoost": 2.5,
      "duration": 2
    },
    "endpoint_type": "abilities",
    "source": "/search/abilities"
  },
  {
    "BID": "BA109",
    "Name": "Heal",
    "Description": "Restores a portion of player health over time.",
    "Variables": {
      "healRate": 5,
      "duration": 10
    },
    "endpoint_type": "abilities",
    "source": "/search/abilities"
  },
  {
    "BID": "BA107",
    "Name": "Time Slow",
    "Description": "Slows time for everything but the player.",
    "Variables": {
      "duration": 3.0
    },
    "endpoint_type": "abilities",
    "source": "/search/abilities"
  }
]
