2025-06-02 14:31:27,145 - chat_003c41fa-7779-4ebc-8c85-018f6476ae39 - INFO - Tool Call: find_attributes
2025-06-02 14:31:27,145 - chat_003c41fa-7779-4ebc-8c85-018f6476ae39 - INFO - Arguments: {
  "kw1": "sprint",
  "kw2": "speed",
  "kw3": "cooldown",
  "search_abilities": true,
  "search_shaders": false,
  "search_behaviors": false,
  "search_objectives": false,
  "user_query": "change sprinting, dashing, and teleportation to increase cooldown or speed"
}
2025-06-02 14:31:27,539 - chat_003c41fa-7779-4ebc-8c85-018f6476ae39 - INFO - Result: [
  {
    "BID": "BA101",
    "Name": "Wall Climb",
    "Description": "Enables the player to climb walls.",
    "Variables": {
      "climbSpeed": 5.0,
      "duration": 4.0
    },
    "endpoint_type": "abilities",
    "source": "/search/abilities"
  },
  {
    "BID": "BA108",
    "Name": "Super Jump",
    "Description": "Temporarily boosts jump height.",
    "Variables": {
      "jumpBoost": 2.5,
      "duration": 2
    },
    "endpoint_type": "abilities",
    "source": "/search/abilities"
  },
  {
    "BID": "BA109",
    "Name": "Heal",
    "Description": "Restores a portion of player health over time.",
    "Variables": {
      "healRate": 5,
      "duration": 10
    },
    "endpoint_type": "abilities",
    "source": "/search/abilities"
  },
  {
    "BID": "BA107",
    "Name": "Time Slow",
    "Description": "Slows time for everything but the player.",
    "Variables": {
      "duration": 3.0
    },
    "endpoint_type": "abilities",
    "source": "/search/abilities"
  },
  {
    "BID": "BA102",
    "Name": "Dash",
    "Description": "Quickly moves the player in a chosen direction.",
    "Variables": {
      "dashDistance": 7.0,
      "cooldown": 2.0
    },
    "endpoint_type": "abilities",
    "source": "/search/abilities"
  },
  {
    "BID": "BA106",
    "Name": "Teleport",
    "Description": "Instantly teleports the player forward.",
    "Variables": {
      "range": 8.0,
      "cooldown": 4.0
    },
    "endpoint_type": "abilities",
    "source": "/search/abilities"
  }
]
2025-06-02 14:31:27,540 - chat_003c41fa-7779-4ebc-8c85-018f6476ae39 - INFO - Tool Call: find_attributes
2025-06-02 14:31:27,540 - chat_003c41fa-7779-4ebc-8c85-018f6476ae39 - INFO - Arguments: {
  "kw1": "dash",
  "kw2": "speed",
  "kw3": "cooldown",
  "search_abilities": true,
  "search_shaders": false,
  "search_behaviors": false,
  "search_objectives": false,
  "user_query": "change sprinting, dashing, and teleportation to increase cooldown or speed"
}
2025-06-02 14:31:27,938 - chat_003c41fa-7779-4ebc-8c85-018f6476ae39 - INFO - Result: [
  {
    "BID": "BA100",
    "Name": "Double Jump",
    "Description": "Allows the player to jump a second time in mid-air.",
    "Variables": {
      "maxJumps": 2,
      "cooldown": 1.5
    },
    "endpoint_type": "abilities",
    "source": "/search/abilities"
  },
  {
    "BID": "BA108",
    "Name": "Super Jump",
    "Description": "Temporarily boosts jump height.",
    "Variables": {
      "jumpBoost": 2.5,
      "duration": 2
    },
    "endpoint_type": "abilities",
    "source": "/search/abilities"
  },
  {
    "BID": "BA103",
    "Name": "Grapple Hook",
    "Description": "Lets the player grapple to surfaces.",
    "Variables": {
      "range": 12.0,
      "cooldown": 3.5
    },
    "endpoint_type": "abilities",
    "source": "/search/abilities"
  },
  {
    "BID": "BA107",
    "Name": "Time Slow",
    "Description": "Slows time for everything but the player.",
    "Variables": {
      "duration": 3.0
    },
    "endpoint_type": "abilities",
    "source": "/search/abilities"
  },
  {
    "BID": "BA102",
    "Name": "Dash",
    "Description": "Quickly moves the player in a chosen direction.",
    "Variables": {
      "dashDistance": 7.0,
      "cooldown": 2.0
    },
    "endpoint_type": "abilities",
    "source": "/search/abilities"
  },
  {
    "BID": "BA106",
    "Name": "Teleport",
    "Description": "Instantly teleports the player forward.",
    "Variables": {
      "range": 8.0,
      "cooldown": 4.0
    },
    "endpoint_type": "abilities",
    "source": "/search/abilities"
  },
  {
    "BID": "BA109",
    "Name": "Heal",
    "Description": "Restores a portion of player health over time.",
    "Variables": {
      "healRate": 5,
      "duration": 10
    },
    "endpoint_type": "abilities",
    "source": "/search/abilities"
  }
]
2025-06-02 14:31:27,939 - chat_003c41fa-7779-4ebc-8c85-018f6476ae39 - INFO - Tool Call: find_attributes
2025-06-02 14:31:27,939 - chat_003c41fa-7779-4ebc-8c85-018f6476ae39 - INFO - Arguments: {
  "kw1": "teleport",
  "kw2": "speed",
  "kw3": "cooldown",
  "search_abilities": true,
  "search_shaders": false,
  "search_behaviors": false,
  "search_objectives": false,
  "user_query": "change sprinting, dashing, and teleportation to increase cooldown or speed"
}
2025-06-02 14:31:28,348 - chat_003c41fa-7779-4ebc-8c85-018f6476ae39 - INFO - Result: [
  {
    "BID": "BA106",
    "Name": "Teleport",
    "Description": "Instantly teleports the player forward.",
    "Variables": {
      "range": 8.0,
      "cooldown": 4.0
    },
    "endpoint_type": "abilities",
    "source": "/search/abilities"
  },
  {
    "BID": "BA102",
    "Name": "Dash",
    "Description": "Quickly moves the player in a chosen direction.",
    "Variables": {
      "dashDistance": 7.0,
      "cooldown": 2.0
    },
    "endpoint_type": "abilities",
    "source": "/search/abilities"
  },
  {
    "BID": "BA101",
    "Name": "Wall Climb",
    "Description": "Enables the player to climb walls.",
    "Variables": {
      "climbSpeed": 5.0,
      "duration": 4.0
    },
    "endpoint_type": "abilities",
    "source": "/search/abilities"
  },
  {
    "BID": "BA107",
    "Name": "Time Slow",
    "Description": "Slows time for everything but the player.",
    "Variables": {
      "duration": 3.0
    },
    "endpoint_type": "abilities",
    "source": "/search/abilities"
  },
  {
    "BID": "BA108",
    "Name": "Super Jump",
    "Description": "Temporarily boosts jump height.",
    "Variables": {
      "jumpBoost": 2.5,
      "duration": 2
    },
    "endpoint_type": "abilities",
    "source": "/search/abilities"
  },
  {
    "BID": "BA109",
    "Name": "Heal",
    "Description": "Restores a portion of player health over time.",
    "Variables": {
      "healRate": 5,
      "duration": 10
    },
    "endpoint_type": "abilities",
    "source": "/search/abilities"
  }
]
2025-06-02 14:31:55,893 - chat_003c41fa-7779-4ebc-8c85-018f6476ae39 - INFO - Tool Call: edit_attribute
2025-06-02 14:31:55,893 - chat_003c41fa-7779-4ebc-8c85-018f6476ae39 - INFO - Arguments: {
  "attribute_name": "Dash",
  "category": "abilities",
  "variable_name": "cooldown",
  "new_value": 3,
  "operation": "set"
}
2025-06-02 14:31:55,893 - chat_003c41fa-7779-4ebc-8c85-018f6476ae39 - INFO - Result: {
  "action_type": "modify",
  "category": "gameplay",
  "parameters": {
    "cooldown": 3
  },
  "confidence": 0.95
}
2025-06-02 14:33:27,043 - chat_003c41fa-7779-4ebc-8c85-018f6476ae39 - INFO - Tool Call: create_ui
2025-06-02 14:33:27,043 - chat_003c41fa-7779-4ebc-8c85-018f6476ae39 - INFO - Arguments: {
  "attribute_names": [
    "Dash"
  ],
  "categories": [
    "abilities"
  ],
  "layout": "vertical"
}
2025-06-02 14:33:27,439 - chat_003c41fa-7779-4ebc-8c85-018f6476ae39 - INFO - Result: {
  "ui_type": "slider",
  "parameter": "maxJumps",
  "label": "Double Jump - maxJumps",
  "min": 0,
  "max": 100,
  "current": 2
}
2025-06-02 14:35:15,058 - chat_003c41fa-7779-4ebc-8c85-018f6476ae39 - INFO - Tool Call: find_attributes
2025-06-02 14:35:15,058 - chat_003c41fa-7779-4ebc-8c85-018f6476ae39 - INFO - Arguments: {
  "kw1": "sprint",
  "kw2": "speed",
  "kw3": "cooldown",
  "search_abilities": true,
  "search_shaders": false,
  "search_behaviors": false,
  "search_objectives": false,
  "user_query": "change sprinting, dashing, and teleportation to increase cooldown or speed"
}
2025-06-02 14:35:15,059 - chat_003c41fa-7779-4ebc-8c85-018f6476ae39 - INFO - Result: [
  {
    "BID": "BA101",
    "Name": "Wall Climb",
    "Description": "Enables the player to climb walls.",
    "Variables": {
      "climbSpeed": 5.0,
      "duration": 4.0
    },
    "endpoint_type": "abilities",
    "source": "/search/abilities"
  },
  {
    "BID": "BA108",
    "Name": "Super Jump",
    "Description": "Temporarily boosts jump height.",
    "Variables": {
      "jumpBoost": 2.5,
      "duration": 2
    },
    "endpoint_type": "abilities",
    "source": "/search/abilities"
  },
  {
    "BID": "BA109",
    "Name": "Heal",
    "Description": "Restores a portion of player health over time.",
    "Variables": {
      "healRate": 5,
      "duration": 10
    },
    "endpoint_type": "abilities",
    "source": "/search/abilities"
  },
  {
    "BID": "BA107",
    "Name": "Time Slow",
    "Description": "Slows time for everything but the player.",
    "Variables": {
      "duration": 3.0
    },
    "endpoint_type": "abilities",
    "source": "/search/abilities"
  },
  {
    "BID": "BA102",
    "Name": "Dash",
    "Description": "Quickly moves the player in a chosen direction.",
    "Variables": {
      "dashDistance": 7.0,
      "cooldown": 2.0
    },
    "endpoint_type": "abilities",
    "source": "/search/abilities"
  },
  {
    "BID": "BA106",
    "Name": "Teleport",
    "Description": "Instantly teleports the player forward.",
    "Variables": {
      "range": 8.0,
      "cooldown": 4.0
    },
    "endpoint_type": "abilities",
    "source": "/search/abilities"
  }
]
2025-06-02 14:35:15,059 - chat_003c41fa-7779-4ebc-8c85-018f6476ae39 - INFO - Tool Call: find_attributes
2025-06-02 14:35:15,059 - chat_003c41fa-7779-4ebc-8c85-018f6476ae39 - INFO - Arguments: {
  "kw1": "dash",
  "kw2": "speed",
  "kw3": "cooldown",
  "search_abilities": true,
  "search_shaders": false,
  "search_behaviors": false,
  "search_objectives": false,
  "user_query": "change sprinting, dashing, and teleportation to increase cooldown or speed"
}
2025-06-02 14:35:15,059 - chat_003c41fa-7779-4ebc-8c85-018f6476ae39 - INFO - Result: [
  {
    "BID": "BA100",
    "Name": "Double Jump",
    "Description": "Allows the player to jump a second time in mid-air.",
    "Variables": {
      "maxJumps": 2,
      "cooldown": 1.5
    },
    "endpoint_type": "abilities",
    "source": "/search/abilities"
  },
  {
    "BID": "BA108",
    "Name": "Super Jump",
    "Description": "Temporarily boosts jump height.",
    "Variables": {
      "jumpBoost": 2.5,
      "duration": 2
    },
    "endpoint_type": "abilities",
    "source": "/search/abilities"
  },
  {
    "BID": "BA103",
    "Name": "Grapple Hook",
    "Description": "Lets the player grapple to surfaces.",
    "Variables": {
      "range": 12.0,
      "cooldown": 3.5
    },
    "endpoint_type": "abilities",
    "source": "/search/abilities"
  },
  {
    "BID": "BA107",
    "Name": "Time Slow",
    "Description": "Slows time for everything but the player.",
    "Variables": {
      "duration": 3.0
    },
    "endpoint_type": "abilities",
    "source": "/search/abilities"
  },
  {
    "BID": "BA102",
    "Name": "Dash",
    "Description": "Quickly moves the player in a chosen direction.",
    "Variables": {
      "dashDistance": 7.0,
      "cooldown": 2.0
    },
    "endpoint_type": "abilities",
    "source": "/search/abilities"
  },
  {
    "BID": "BA106",
    "Name": "Teleport",
    "Description": "Instantly teleports the player forward.",
    "Variables": {
      "range": 8.0,
      "cooldown": 4.0
    },
    "endpoint_type": "abilities",
    "source": "/search/abilities"
  },
  {
    "BID": "BA109",
    "Name": "Heal",
    "Description": "Restores a portion of player health over time.",
    "Variables": {
      "healRate": 5,
      "duration": 10
    },
    "endpoint_type": "abilities",
    "source": "/search/abilities"
  }
]
2025-06-02 14:35:15,059 - chat_003c41fa-7779-4ebc-8c85-018f6476ae39 - INFO - Tool Call: find_attributes
2025-06-02 14:35:15,059 - chat_003c41fa-7779-4ebc-8c85-018f6476ae39 - INFO - Arguments: {
  "kw1": "teleport",
  "kw2": "speed",
  "kw3": "cooldown",
  "search_abilities": true,
  "search_shaders": false,
  "search_behaviors": false,
  "search_objectives": false,
  "user_query": "change sprinting, dashing, and teleportation to increase cooldown or speed"
}
2025-06-02 14:35:15,059 - chat_003c41fa-7779-4ebc-8c85-018f6476ae39 - INFO - Result: [
  {
    "BID": "BA106",
    "Name": "Teleport",
    "Description": "Instantly teleports the player forward.",
    "Variables": {
      "range": 8.0,
      "cooldown": 4.0
    },
    "endpoint_type": "abilities",
    "source": "/search/abilities"
  },
  {
    "BID": "BA102",
    "Name": "Dash",
    "Description": "Quickly moves the player in a chosen direction.",
    "Variables": {
      "dashDistance": 7.0,
      "cooldown": 2.0
    },
    "endpoint_type": "abilities",
    "source": "/search/abilities"
  },
  {
    "BID": "BA101",
    "Name": "Wall Climb",
    "Description": "Enables the player to climb walls.",
    "Variables": {
      "climbSpeed": 5.0,
      "duration": 4.0
    },
    "endpoint_type": "abilities",
    "source": "/search/abilities"
  },
  {
    "BID": "BA107",
    "Name": "Time Slow",
    "Description": "Slows time for everything but the player.",
    "Variables": {
      "duration": 3.0
    },
    "endpoint_type": "abilities",
    "source": "/search/abilities"
  },
  {
    "BID": "BA108",
    "Name": "Super Jump",
    "Description": "Temporarily boosts jump height.",
    "Variables": {
      "jumpBoost": 2.5,
      "duration": 2
    },
    "endpoint_type": "abilities",
    "source": "/search/abilities"
  },
  {
    "BID": "BA109",
    "Name": "Heal",
    "Description": "Restores a portion of player health over time.",
    "Variables": {
      "healRate": 5,
      "duration": 10
    },
    "endpoint_type": "abilities",
    "source": "/search/abilities"
  }
]
