2025-06-02 13:09:07,554 - chat_e9e48a90-de84-46f6-98de-75da12c9836b - INFO - Tool Call: find_attributes
2025-06-02 13:09:07,554 - chat_e9e48a90-de84-46f6-98de-75da12c9836b - INFO - Arguments: {
  "kw1": "sprint",
  "kw2": "cooldown",
  "kw3": "increase",
  "search_abilities": true
}
2025-06-02 13:09:07,751 - chat_e9e48a90-de84-46f6-98de-75da12c9836b - INFO - Result: [
  {
    "BID": "BA108",
    "Name": "Super Jump",
    "Description": "Temporarily boosts jump height.",
    "Variables": {
      "jumpBoost": 2.5,
      "duration": 2
    },
    "endpoint_type": "abilities",
    "source": "/search/abilities"
  },
  {
    "BID": "BA101",
    "Name": "Wall Climb",
    "Description": "Enables the player to climb walls.",
    "Variables": {
      "climbSpeed": 5.0,
      "duration": 4.0
    },
    "endpoint_type": "abilities",
    "source": "/search/abilities"
  },
  {
    "BID": "BA100",
    "Name": "Double Jump",
    "Description": "Allows the player to jump a second time in mid-air.",
    "Variables": {
      "maxJumps": 2,
      "cooldown": 1.5
    },
    "endpoint_type": "abilities",
    "source": "/search/abilities"
  }
]
2025-06-02 13:09:07,751 - chat_e9e48a90-de84-46f6-98de-75da12c9836b - INFO - Tool Call: find_attributes
2025-06-02 13:09:07,751 - chat_e9e48a90-de84-46f6-98de-75da12c9836b - INFO - Arguments: {
  "kw1": "dash",
  "kw2": "cooldown",
  "kw3": "increase",
  "search_abilities": true
}
2025-06-02 13:09:07,958 - chat_e9e48a90-de84-46f6-98de-75da12c9836b - INFO - Result: [
  {
    "BID": "BA108",
    "Name": "Super Jump",
    "Description": "Temporarily boosts jump height.",
    "Variables": {
      "jumpBoost": 2.5,
      "duration": 2
    },
    "endpoint_type": "abilities",
    "source": "/search/abilities"
  },
  {
    "BID": "BA100",
    "Name": "Double Jump",
    "Description": "Allows the player to jump a second time in mid-air.",
    "Variables": {
      "maxJumps": 2,
      "cooldown": 1.5
    },
    "endpoint_type": "abilities",
    "source": "/search/abilities"
  },
  {
    "BID": "BA101",
    "Name": "Wall Climb",
    "Description": "Enables the player to climb walls.",
    "Variables": {
      "climbSpeed": 5.0,
      "duration": 4.0
    },
    "endpoint_type": "abilities",
    "source": "/search/abilities"
  }
]
2025-06-02 13:09:07,958 - chat_e9e48a90-de84-46f6-98de-75da12c9836b - INFO - Tool Call: find_attributes
2025-06-02 13:09:07,958 - chat_e9e48a90-de84-46f6-98de-75da12c9836b - INFO - Arguments: {
  "kw1": "teleportation",
  "kw2": "cooldown",
  "kw3": "increase",
  "search_abilities": true
}
2025-06-02 13:09:08,158 - chat_e9e48a90-de84-46f6-98de-75da12c9836b - INFO - Result: [
  {
    "BID": "BA106",
    "Name": "Teleport",
    "Description": "Instantly teleports the player forward.",
    "Variables": {
      "range": 8.0,
      "cooldown": 4.0
    },
    "endpoint_type": "abilities",
    "source": "/search/abilities"
  },
  {
    "BID": "BA108",
    "Name": "Super Jump",
    "Description": "Temporarily boosts jump height.",
    "Variables": {
      "jumpBoost": 2.5,
      "duration": 2
    },
    "endpoint_type": "abilities",
    "source": "/search/abilities"
  },
  {
    "BID": "BA102",
    "Name": "Dash",
    "Description": "Quickly moves the player in a chosen direction.",
    "Variables": {
      "dashDistance": 7.0,
      "cooldown": 2.0
    },
    "endpoint_type": "abilities",
    "source": "/search/abilities"
  }
]
